Started GET "/" for 127.0.0.1 at 2018-10-31 15:11:28 +0600
Processing by Rails::WelcomeController#index as HTML
  Rendering C:/RailsInstaller/Ruby2.3.3/lib/ruby/gems/2.3.0/gems/railties-5.2.1/lib/rails/templates/rails/welcome/index.html.erb
  Rendered C:/RailsInstaller/Ruby2.3.3/lib/ruby/gems/2.3.0/gems/railties-5.2.1/lib/rails/templates/rails/welcome/index.html.erb (5.0ms)
Completed 200 OK in 109ms (Views: 52.5ms | ActiveRecord: 0.0ms)


  [1m[35m (0.0ms)[0m  [1m[34mSELECT sqlite_version(*)[0m
  ↳ C:/RailsInstaller/Ruby2.3.3/bin/rake:22
  [1m[35m (56.0ms)[0m  [1m[35mCREATE TABLE "schema_migrations" ("version" varchar NOT NULL PRIMARY KEY)[0m
  ↳ C:/RailsInstaller/Ruby2.3.3/bin/rake:22
  [1m[35m (41.0ms)[0m  [1m[35mCREATE TABLE "ar_internal_metadata" ("key" varchar NOT NULL PRIMARY KEY, "value" varchar, "created_at" datetime NOT NULL, "updated_at" datetime NOT NULL)[0m
  ↳ C:/RailsInstaller/Ruby2.3.3/bin/rake:22
  [1m[35m (0.0ms)[0m  [1m[34mSELECT "schema_migrations"."version" FROM "schema_migrations" ORDER BY "schema_migrations"."version" ASC[0m
  ↳ C:/RailsInstaller/Ruby2.3.3/bin/rake:22
Migrating to CreateItens (20181031091319)
  [1m[35m (0.0ms)[0m  [1m[36mbegin transaction[0m
  ↳ C:/RailsInstaller/Ruby2.3.3/bin/rake:22
  [1m[35m (1.0ms)[0m  [1m[35mCREATE TABLE "itens" ("id" integer PRIMARY KEY AUTOINCREMENT NOT NULL, "created_at" datetime NOT NULL, "updated_at" datetime NOT NULL)[0m
  ↳ db/migrate/20181031091319_create_itens.rb:3
  [1m[36mActiveRecord::SchemaMigration Create (0.0ms)[0m  [1m[32mINSERT INTO "schema_migrations" ("version") VALUES (?)[0m  [["version", "20181031091319"]]
  ↳ C:/RailsInstaller/Ruby2.3.3/bin/rake:22
  [1m[35m (38.0ms)[0m  [1m[36mcommit transaction[0m
  ↳ C:/RailsInstaller/Ruby2.3.3/bin/rake:22
  [1m[36mActiveRecord::InternalMetadata Load (0.0ms)[0m  [1m[34mSELECT  "ar_internal_metadata".* FROM "ar_internal_metadata" WHERE "ar_internal_metadata"."key" = ? LIMIT ?[0m  [["key", "environment"], ["LIMIT", 1]]
  ↳ C:/RailsInstaller/Ruby2.3.3/bin/rake:22
  [1m[35m (0.0ms)[0m  [1m[36mbegin transaction[0m
  ↳ C:/RailsInstaller/Ruby2.3.3/bin/rake:22
  [1m[36mActiveRecord::InternalMetadata Create (1.0ms)[0m  [1m[32mINSERT INTO "ar_internal_metadata" ("key", "value", "created_at", "updated_at") VALUES (?, ?, ?, ?)[0m  [["key", "environment"], ["value", "development"], ["created_at", "2018-10-31 09:18:15.011722"], ["updated_at", "2018-10-31 09:18:15.011722"]]
  ↳ C:/RailsInstaller/Ruby2.3.3/bin/rake:22
  [1m[35m (42.0ms)[0m  [1m[36mcommit transaction[0m
  ↳ C:/RailsInstaller/Ruby2.3.3/bin/rake:22
  [1m[35m (0.0ms)[0m  [1m[34mSELECT "schema_migrations"."version" FROM "schema_migrations" ORDER BY "schema_migrations"."version" ASC[0m
  ↳ C:/RailsInstaller/Ruby2.3.3/bin/rake:22
